<?xml version="1.0" encoding="UTF-8"?>
<!-- Generated by org.testng.reporters.JUnitReportReporter -->
<testsuite hostname="DESKTOP-A92GSCV" failures="0" tests="3" name="com.runner.ClassTest5" time="26.010" errors="0" timestamp="2024-11-18T18:41:16 IST" skipped="2">
  <testcase classname="com.runner.ClassTest5" name="operationsOnProduct" time="26.010"/>
  <testcase classname="com.runner.ClassTest5" name="loginToQkart">
    <skipped/>
  </testcase> <!-- loginToQkart -->
  <testcase classname="com.runner.ClassTest5" name="registerToQkart">
    <skipped/>
  </testcase> <!-- registerToQkart -->
</testsuite> <!-- com.runner.ClassTest5 -->
