<?xml version="1.0" encoding="UTF-8"?>
<!-- Generated by org.testng.reporters.JUnitReportReporter -->
<testsuite hostname="DESKTOP-A92GSCV" failures="0" tests="1" name="com.runner.ClassTest3" time="0.313" errors="0" timestamp="2024-11-18T18:30:35 IST" skipped="0">
  <testcase classname="com.runner.ClassTest3" name="verify" time="0.313"/>
</testsuite> <!-- com.runner.ClassTest3 -->
