<?xml version="1.0" encoding="UTF-8"?>
<!-- Generated by org.testng.reporters.JUnitReportReporter -->
<testsuite hostname="DESKTOP-A92GSCV" failures="0" tests="2" name="com.runner.ClassTest2" time="22.761" errors="0" timestamp="2024-11-18T17:00:20 IST" skipped="0">
  <testcase classname="com.runner.ClassTest2" name="getCountOfLinks" time="14.445"/>
  <testcase classname="com.runner.ClassTest2" name="getCountOfImages" time="8.316"/>
</testsuite> <!-- com.runner.ClassTest2 -->
