<?xml version="1.0" encoding="UTF-8"?>
<!-- Generated by org.testng.reporters.JUnitReportReporter -->
<testsuite hostname="DESKTOP-A92GSCV" failures="0" tests="1" name="com.runner.ClassTest4" time="0.888" errors="0" timestamp="2024-11-18T17:00:20 IST" skipped="0">
  <testcase classname="com.runner.ClassTest4" name="loginScenario" time="0.888"/>
</testsuite> <!-- com.runner.ClassTest4 -->
