<?xml version="1.0" encoding="UTF-8"?>
<!-- Generated by org.testng.reporters.JUnitReportReporter -->
<testsuite hostname="DESKTOP-A92GSCV" failures="0" tests="2" name="com.runner.ClassTest1" time="0.302" errors="0" timestamp="2024-11-18T17:00:20 IST" skipped="1">
  <testcase classname="com.runner.ClassTest1" name="isDisplay" time="0.302"/>
  <testcase classname="com.runner.ClassTest1" name="isClickable">
    <skipped/>
  </testcase> <!-- isClickable -->
</testsuite> <!-- com.runner.ClassTest1 -->
